# JRE version: OpenJDK Runtime Environment (8.0_282-b08) (build 1.8.0_282-b08)
# Java VM: OpenJDK 64-Bit Server VM (25.282-b08 mixed mode windows-amd64 compressed oops)
Heap:
 PSYoungGen      total 478208K, used 331373K [0x0000000776000000, 0x00000007b4500000, 0x00000007c0000000)
  eden space 156160K, 61% used [0x0000000776000000,0x000000077bddb210,0x000000077f880000)
  from space 322048K, 73% used [0x000000077f880000,0x000000078de40200,0x0000000793300000)
  to   space 403968K, 0% used [0x000000079ba80000,0x000000079ba80000,0x00000007b4500000)
 ParOldGen       total 1032192K, used 660232K [0x00000006e2000000, 0x0000000721000000, 0x0000000776000000)
  object space 1032192K, 63% used [0x00000006e2000000,0x000000070a4c2038,0x0000000721000000)
 Metaspace       used 8611K, capacity 8786K, committed 8960K, reserved 1056768K
  class space    used 930K, capacity 1011K, committed 1024K, reserved 1048576K
GC Heap History (10 events):
Event: 5.828 GC heap before
{Heap before GC invocations=8 (full 2):
 PSYoungGen      total 194560K, used 185344K [0x0000000776000000, 0x0000000792a00000, 0x00000007c0000000)
  eden space 185344K, 100% used [0x0000000776000000,0x0000000781500000,0x0000000781500000)
  from space 9216K, 0% used [0x0000000784000000,0x0000000784000000,0x0000000784900000)
  to   space 141824K, 0% used [0x0000000789f80000,0x0000000789f80000,0x0000000792a00000)
 ParOldGen       total 660480K, used 346403K [0x00000006e2000000, 0x000000070a500000, 0x0000000776000000)
  object space 660480K, 52% used [0x00000006e2000000,0x00000006f7248e88,0x000000070a500000)
 Metaspace       used 8580K, capacity 8786K, committed 8960K, reserved 1056768K
  class space    used 930K, capacity 1011K, committed 1024K, reserved 1048576K
Event: 5.900 GC heap after
Heap after GC invocations=8 (full 2):
 PSYoungGen      total 294912K, used 141801K [0x0000000776000000, 0x0000000799100000, 0x00000007c0000000)
  eden space 153088K, 0% used [0x0000000776000000,0x0000000776000000,0x000000077f580000)
  from space 141824K, 99% used [0x0000000789f80000,0x00000007929fa788,0x0000000792a00000)
  to   space 174080K, 0% used [0x000000077f580000,0x000000077f580000,0x0000000789f80000)
 ParOldGen       total 660480K, used 356782K [0x00000006e2000000, 0x000000070a500000, 0x0000000776000000)
  object space 660480K, 54% used [0x00000006e2000000,0x00000006f7c6b8f8,0x000000070a500000)
 Metaspace       used 8580K, capacity 8786K, committed 8960K, reserved 1056768K
  class space    used 930K, capacity 1011K, committed 1024K, reserved 1048576K
}
Event: 6.031 GC heap before
{Heap before GC invocations=9 (full 2):
 PSYoungGen      total 294912K, used 294889K [0x0000000776000000, 0x0000000799100000, 0x00000007c0000000)
  eden space 153088K, 100% used [0x0000000776000000,0x000000077f580000,0x000000077f580000)
  from space 141824K, 99% used [0x0000000789f80000,0x00000007929fa788,0x0000000792a00000)
  to   space 174080K, 0% used [0x000000077f580000,0x000000077f580000,0x0000000789f80000)
 ParOldGen       total 660480K, used 356782K [0x00000006e2000000, 0x000000070a500000, 0x0000000776000000)
  object space 660480K, 54% used [0x00000006e2000000,0x00000006f7c6b8f8,0x000000070a500000)
 Metaspace       used 8584K, capacity 8786K, committed 8960K, reserved 1056768K
  class space    used 930K, capacity 1011K, committed 1024K, reserved 1048576K
Event: 6.139 GC heap after
Heap after GC invocations=9 (full 2):
 PSYoungGen      total 327168K, used 174050K [0x0000000776000000, 0x00000007a2c80000, 0x00000007c0000000)
  eden space 153088K, 0% used [0x0000000776000000,0x0000000776000000,0x000000077f580000)
  from space 174080K, 99% used [0x000000077f580000,0x0000000789f788b8,0x0000000789f80000)
  to   space 255488K, 0% used [0x0000000793300000,0x0000000793300000,0x00000007a2c80000)
 ParOldGen       total 660480K, used 457701K [0x00000006e2000000, 0x000000070a500000, 0x0000000776000000)
  object space 660480K, 69% used [0x00000006e2000000,0x00000006fdef9540,0x000000070a500000)
 Metaspace       used 8584K, capacity 8786K, committed 8960K, reserved 1056768K
  class space    used 930K, capacity 1011K, committed 1024K, reserved 1048576K
}
Event: 6.289 GC heap before
{Heap before GC invocations=10 (full 2):
 PSYoungGen      total 327168K, used 327138K [0x0000000776000000, 0x00000007a2c80000, 0x00000007c0000000)
  eden space 153088K, 100% used [0x0000000776000000,0x000000077f580000,0x000000077f580000)
  from space 174080K, 99% used [0x000000077f580000,0x0000000789f788b8,0x0000000789f80000)
  to   space 255488K, 0% used [0x0000000793300000,0x0000000793300000,0x00000007a2c80000)
 ParOldGen       total 660480K, used 457701K [0x00000006e2000000, 0x000000070a500000, 0x0000000776000000)
  object space 660480K, 69% used [0x00000006e2000000,0x00000006fdef9540,0x000000070a500000)
 Metaspace       used 8584K, capacity 8786K, committed 8960K, reserved 1056768K
  class space    used 930K, capacity 1011K, committed 1024K, reserved 1048576K
Event: 6.411 GC heap after
Heap after GC invocations=10 (full 2):
 PSYoungGen      total 411648K, used 255465K [0x0000000776000000, 0x00000007abd80000, 0x00000007c0000000)
  eden space 156160K, 0% used [0x0000000776000000,0x0000000776000000,0x000000077f880000)
  from space 255488K, 99% used [0x0000000793300000,0x00000007a2c7a410,0x00000007a2c80000)
  to   space 322048K, 0% used [0x000000077f880000,0x000000077f880000,0x0000000793300000)
 ParOldGen       total 660480K, used 508766K [0x00000006e2000000, 0x000000070a500000, 0x0000000776000000)
  object space 660480K, 77% used [0x00000006e2000000,0x00000007010d7a20,0x000000070a500000)
 Metaspace       used 8584K, capacity 8786K, committed 8960K, reserved 1056768K
  class space    used 930K, capacity 1011K, committed 1024K, reserved 1048576K
}
Event: 6.572 GC heap before
{Heap before GC invocations=11 (full 2):
 PSYoungGen      total 411648K, used 411625K [0x0000000776000000, 0x00000007abd80000, 0x00000007c0000000)
  eden space 156160K, 100% used [0x0000000776000000,0x000000077f880000,0x000000077f880000)
  from space 255488K, 99% used [0x0000000793300000,0x00000007a2c7a410,0x00000007a2c80000)
  to   space 322048K, 0% used [0x000000077f880000,0x000000077f880000,0x0000000793300000)
 ParOldGen       total 660480K, used 508766K [0x00000006e2000000, 0x000000070a500000, 0x0000000776000000)
  object space 660480K, 77% used [0x00000006e2000000,0x00000007010d7a20,0x000000070a500000)
 Metaspace       used 8584K, capacity 8786K, committed 8960K, reserved 1056768K
  class space    used 930K, capacity 1011K, committed 1024K, reserved 1048576K
Event: 6.691 GC heap after
Heap after GC invocations=11 (full 2):
 PSYoungGen      total 478208K, used 322038K [0x0000000776000000, 0x00000007b4500000, 0x00000007c0000000)
  eden space 156160K, 0% used [0x0000000776000000,0x0000000776000000,0x000000077f880000)
  from space 322048K, 99% used [0x000000077f880000,0x00000007932fdbf0,0x0000000793300000)
  to   space 403968K, 0% used [0x000000079ba80000,0x000000079ba80000,0x00000007b4500000)
 ParOldGen       total 660480K, used 584363K [0x00000006e2000000, 0x000000070a500000, 0x0000000776000000)
  object space 660480K, 88% used [0x00000006e2000000,0x0000000705aaad60,0x000000070a500000)
 Metaspace       used 8584K, capacity 8786K, committed 8960K, reserved 1056768K
  class space    used 930K, capacity 1011K, committed 1024K, reserved 1048576K
}
Event: 6.691 GC heap before
{Heap before GC invocations=12 (full 3):
 PSYoungGen      total 478208K, used 322038K [0x0000000776000000, 0x00000007b4500000, 0x00000007c0000000)
  eden space 156160K, 0% used [0x0000000776000000,0x0000000776000000,0x000000077f880000)
  from space 322048K, 99% used [0x000000077f880000,0x00000007932fdbf0,0x0000000793300000)
  to   space 403968K, 0% used [0x000000079ba80000,0x000000079ba80000,0x00000007b4500000)
 ParOldGen       total 660480K, used 584363K [0x00000006e2000000, 0x000000070a500000, 0x0000000776000000)
  object space 660480K, 88% used [0x00000006e2000000,0x0000000705aaad60,0x000000070a500000)
 Metaspace       used 8584K, capacity 8786K, committed 8960K, reserved 1056768K
  class space    used 930K, capacity 1011K, committed 1024K, reserved 1048576K
Event: 7.765 GC heap after
Heap after GC invocations=12 (full 3):
 PSYoungGen      total 478208K, used 235264K [0x0000000776000000, 0x00000007b4500000, 0x00000007c0000000)
  eden space 156160K, 0% used [0x0000000776000000,0x0000000776000000,0x000000077f880000)
  from space 322048K, 73% used [0x000000077f880000,0x000000078de40200,0x0000000793300000)
  to   space 403968K, 0% used [0x000000079ba80000,0x000000079ba80000,0x00000007b4500000)
 ParOldGen       total 1032192K, used 660232K [0x00000006e2000000, 0x0000000721000000, 0x0000000776000000)
  object space 1032192K, 63% used [0x00000006e2000000,0x000000070a4c2038,0x0000000721000000)
 Metaspace       used 8584K, capacity 8786K, committed 8960K, reserved 1056768K
  class space    used 930K, capacity 1011K, committed 1024K, reserved 1048576K
}

